#
# There is insufficient memory for the Java Runtime Environment to continue.
# Native memory allocation (malloc) failed to allocate 1122704 bytes for Chunk::new
# Possible reasons:
#   The system is out of physical RAM or swap space
#   In 32 bit mode, the process size limit was hit
# Possible solutions:
#   Reduce memory load on the system
#   Increase physical memory or swap space
#   Check if swap backing store is full
#   Use 64 bit Java on a 64 bit OS
#   Decrease Java heap size (-Xmx/-Xms)
#   Decrease number of Java threads
#   Decrease Java thread stack sizes (-Xss)
#   Set larger code cache with -XX:ReservedCodeCacheSize=
# This output file may be truncated or incomplete.
#
#  Out of Memory Error (allocation.cpp:390), pid=9716, tid=0x0000000000001894
#
# JRE version: Java(TM) SE Runtime Environment (8.0_101-b13) (build 1.8.0_101-b13)
# Java VM: Java HotSpot(TM) 64-Bit Server VM (25.101-b13 mixed mode windows-amd64 compressed oops)
# Failed to write core dump. Minidumps are not enabled by default on client versions of Windows
#

---------------  T H R E A D  ---------------

Current thread (0x00000000167c1000):  JavaThread "C2 CompilerThread1" daemon [_thread_in_native, id=6292, stack(0x0000000016bc0000,0x0000000016cc0000)]

Stack: [0x0000000016bc0000,0x0000000016cc0000]
[error occurred during error reporting (printing stack bounds), id 0xc0000005]

Native frames: (J=compiled Java code, j=interpreted, Vv=VM code, C=native code)


Current CompileTask:
C2:   7256 1642   !   4       com.android.dx.cf.code.BytecodeArray::parseInstruction (2764 bytes)


---------------  P R O C E S S  ---------------

Java Threads: ( => current thread )
  0x0000000016a09000 JavaThread "pool-1-thread-3" [_thread_in_Java, id=5412, stack(0x00000000172c0000,0x00000000173c0000)]
  0x00000000169df800 JavaThread "pool-1-thread-2" [_thread_in_Java, id=3884, stack(0x00000000171c0000,0x00000000172c0000)]
  0x000000001690c800 JavaThread "pool-2-thread-1" [_thread_blocked, id=7572, stack(0x00000000170c0000,0x00000000171c0000)]
  0x0000000016906000 JavaThread "pool-1-thread-1" [_thread_in_Java, id=2876, stack(0x0000000016fc0000,0x00000000170c0000)]
  0x0000000016830800 JavaThread "Service Thread" daemon [_thread_blocked, id=9904, stack(0x0000000016dc0000,0x0000000016ec0000)]
  0x0000000016826000 JavaThread "C1 CompilerThread2" daemon [_thread_blocked, id=6760, stack(0x0000000016cc0000,0x0000000016dc0000)]
=>0x00000000167c1000 JavaThread "C2 CompilerThread1" daemon [_thread_in_native, id=6292, stack(0x0000000016bc0000,0x0000000016cc0000)]
  0x00000000151bc000 JavaThread "C2 CompilerThread0" daemon [_thread_in_native, id=8836, stack(0x00000000166c0000,0x00000000167c0000)]
  0x00000000151ba000 JavaThread "Attach Listener" daemon [_thread_blocked, id=6220, stack(0x00000000165c0000,0x00000000166c0000)]
  0x00000000151b9000 JavaThread "Signal Dispatcher" daemon [_thread_blocked, id=10084, stack(0x00000000164c0000,0x00000000165c0000)]
  0x0000000002a84800 JavaThread "Finalizer" daemon [_thread_blocked, id=17264, stack(0x00000000163c0000,0x00000000164c0000)]
  0x0000000002a7f800 JavaThread "Reference Handler" daemon [_thread_blocked, id=18816, stack(0x00000000162c0000,0x00000000163c0000)]
  0x000000000288e000 JavaThread "main" [_thread_blocked, id=8076, stack(0x0000000002890000,0x0000000002990000)]

Other Threads:
  0x0000000015128800 VMThread [stack: 0x00000000161c0000,0x00000000162c0000] [id=8500]
  0x000000001682a000 WatcherThread [stack: 0x0000000016ec0000,0x0000000016fc0000] [id=13816]

VM state:not at safepoint (normal execution)

VM Mutex/Monitor currently owned by a thread: None

Heap:
 PSYoungGen      total 71680K, used 52675K [0x00000000eab00000, 0x00000000ef600000, 0x0000000100000000)
  eden space 66560K, 71% used [0x00000000eab00000,0x00000000ed978750,0x00000000eec00000)
  from space 5120K, 99% used [0x00000000ef100000,0x00000000ef5f8738,0x00000000ef600000)
  to   space 5120K, 0% used [0x00000000eec00000,0x00000000eec00000,0x00000000ef100000)
 ParOldGen       total 87552K, used 11069K [0x00000000c0000000, 0x00000000c5580000, 0x00000000eab00000)
  object space 87552K, 12% used [0x00000000c0000000,0x00000000c0acf638,0x00000000c5580000)
 Metaspace       used 6029K, capacity 7024K, committed 7296K, reserved 1056768K
  class space    used 589K, capacity 616K, committed 640K, reserved 1048576K

Card table byte_map: [0x0000000011e50000,0x0000000012060000] byte_map_base: 0x0000000011850000

Marking Bits: (ParMarkBitMap*) 0x000000005ed9a6d0
 Begin Bits: [0x00000000125c0000, 0x00000000135c0000)
 End Bits:   [0x00000000135c0000, 0x00000000145c0000)

Polling page: 0x0000000000940000

CodeCache: size=245760Kb used=8207Kb max_used=8225Kb free=237552Kb
 bounds [0x0000000002a90000, 0x00000000032a0000, 0x0000000011a90000]
 total_blobs=1945 nmethods=1681 adapters=177
 compilation: enabled

Compilation events (10 events):
Event: 7.016 Thread 0x00000000151bc000 nmethod 1655 0x0000000003290990 code [0x0000000003290ae0, 0x0000000003290c18]
Event: 7.016 Thread 0x00000000151bc000 1630   !   4       com.android.dx.cf.cst.ConstantPoolParser::parse0 (731 bytes)
Event: 7.094 Thread 0x0000000016826000 1688       3       com.android.dx.rop.code.CstInsn::contentEquals (31 bytes)
Event: 7.094 Thread 0x0000000016826000 nmethod 1688 0x000000000328b690 code [0x000000000328b820, 0x000000000328bcb8]
Event: 7.111 Thread 0x0000000016826000 1693       1       com.android.dx.rop.code.Insn$BaseVisitor::visitThrowingInsn (1 bytes)
Event: 7.112 Thread 0x0000000016826000 nmethod 1693 0x000000000328b3d0 code [0x000000000328b520, 0x000000000328b630]
Event: 7.132 Thread 0x0000000016826000 1694       2       sun.misc.SharedSecrets::getJavaLangAccess (4 bytes)
Event: 7.133 Thread 0x0000000016826000 nmethod 1694 0x000000000328b0d0 code [0x000000000328b220, 0x000000000328b350]
Event: 7.151 Thread 0x0000000016826000 1695       3       com.android.dx.ssa.DomFront::calcDomFronts (154 bytes)
Event: 7.152 Thread 0x0000000016826000 nmethod 1695 0x0000000003290fd0 code [0x0000000003291220, 0x0000000003291d88]

GC Heap History (4 events):
Event: 3.432 GC heap before
{Heap before GC invocations=1 (full 0):
 PSYoungGen      total 38400K, used 33280K [0x00000000eab00000, 0x00000000ed580000, 0x0000000100000000)
  eden space 33280K, 100% used [0x00000000eab00000,0x00000000ecb80000,0x00000000ecb80000)
  from space 5120K, 0% used [0x00000000ed080000,0x00000000ed080000,0x00000000ed580000)
  to   space 5120K, 0% used [0x00000000ecb80000,0x00000000ecb80000,0x00000000ed080000)
 ParOldGen       total 87552K, used 0K [0x00000000c0000000, 0x00000000c5580000, 0x00000000eab00000)
  object space 87552K, 0% used [0x00000000c0000000,0x00000000c0000000,0x00000000c5580000)
 Metaspace       used 5793K, capacity 6832K, committed 7040K, reserved 1056768K
  class space    used 579K, capacity 616K, committed 640K, reserved 1048576K
Event: 3.577 GC heap after
Heap after GC invocations=1 (full 0):
 PSYoungGen      total 38400K, used 5104K [0x00000000eab00000, 0x00000000ef600000, 0x0000000100000000)
  eden space 33280K, 0% used [0x00000000eab00000,0x00000000eab00000,0x00000000ecb80000)
  from space 5120K, 99% used [0x00000000ecb80000,0x00000000ed07c148,0x00000000ed080000)
  to   space 5120K, 0% used [0x00000000ef100000,0x00000000ef100000,0x00000000ef600000)
 ParOldGen       total 87552K, used 1689K [0x00000000c0000000, 0x00000000c5580000, 0x00000000eab00000)
  object space 87552K, 1% used [0x00000000c0000000,0x00000000c01a64a8,0x00000000c5580000)
 Metaspace       used 5793K, capacity 6832K, committed 7040K, reserved 1056768K
  class space    used 579K, capacity 616K, committed 640K, reserved 1048576K
}
Event: 5.711 GC heap before
{Heap before GC invocations=2 (full 0):
 PSYoungGen      total 38400K, used 38384K [0x00000000eab00000, 0x00000000ef600000, 0x0000000100000000)
  eden space 33280K, 100% used [0x00000000eab00000,0x00000000ecb80000,0x00000000ecb80000)
  from space 5120K, 99% used [0x00000000ecb80000,0x00000000ed07c148,0x00000000ed080000)
  to   space 5120K, 0% used [0x00000000ef100000,0x00000000ef100000,0x00000000ef600000)
 ParOldGen       total 87552K, used 1689K [0x00000000c0000000, 0x00000000c5580000, 0x00000000eab00000)
  object space 87552K, 1% used [0x00000000c0000000,0x00000000c01a64a8,0x00000000c5580000)
 Metaspace       used 5968K, capacity 6960K, committed 7040K, reserved 1056768K
  class space    used 586K, capacity 616K, committed 640K, reserved 1048576K
Event: 5.789 GC heap after
Heap after GC invocations=2 (full 0):
 PSYoungGen      total 71680K, used 5089K [0x00000000eab00000, 0x00000000ef600000, 0x0000000100000000)
  eden space 66560K, 0% used [0x00000000eab00000,0x00000000eab00000,0x00000000eec00000)
  from space 5120K, 99% used [0x00000000ef100000,0x00000000ef5f8738,0x00000000ef600000)
  to   space 5120K, 0% used [0x00000000eec00000,0x00000000eec00000,0x00000000ef100000)
 ParOldGen       total 87552K, used 11069K [0x00000000c0000000, 0x00000000c5580000, 0x00000000eab00000)
  object space 87552K, 12% used [0x00000000c0000000,0x00000000c0acf638,0x00000000c5580000)
 Metaspace       used 5968K, capacity 6960K, committed 7040K, reserved 1056768K
  class space    used 586K, capacity 616K, committed 640K, reserved 1048576K
}

Deoptimization events (10 events):
Event: 5.346 Thread 0x0000000016906000 Uncommon trap: reason=class_check action=maybe_recompile pc=0x0000000002dc4af8 method=com.android.dx.rop.type.Type.equals(Ljava/lang/Object;)Z @ 8
Event: 5.349 Thread 0x0000000016906000 Uncommon trap: reason=unstable_if action=reinterpret pc=0x00000000030d5a68 method=com.android.dx.rop.code.BasicBlock.hasExceptionHandlers()Z @ 17
Event: 6.405 Thread 0x0000000016a09000 Uncommon trap: reason=class_check action=maybe_recompile pc=0x00000000030a4d60 method=com.android.dx.ssa.NormalSsaInsn.accept(Lcom/android/dx/ssa/SsaInsn$Visitor;)V @ 9
Event: 6.405 Thread 0x0000000016a09000 Uncommon trap: reason=class_check action=maybe_recompile pc=0x00000000030a4d60 method=com.android.dx.ssa.NormalSsaInsn.accept(Lcom/android/dx/ssa/SsaInsn$Visitor;)V @ 9
Event: 6.406 Thread 0x0000000016a09000 Uncommon trap: reason=class_check action=maybe_recompile pc=0x00000000030a4d60 method=com.android.dx.ssa.NormalSsaInsn.accept(Lcom/android/dx/ssa/SsaInsn$Visitor;)V @ 9
Event: 6.406 Thread 0x0000000016a09000 Uncommon trap: reason=class_check action=maybe_recompile pc=0x00000000030a4d60 method=com.android.dx.ssa.NormalSsaInsn.accept(Lcom/android/dx/ssa/SsaInsn$Visitor;)V @ 9
Event: 6.409 Thread 0x0000000016a09000 Uncommon trap: reason=class_check action=maybe_recompile pc=0x00000000030d93f8 method=com.android.dx.ssa.NormalSsaInsn.accept(Lcom/android/dx/ssa/SsaInsn$Visitor;)V @ 9
Event: 6.638 Thread 0x0000000016906000 Uncommon trap: reason=class_check action=maybe_recompile pc=0x0000000002dc4af8 method=com.android.dx.rop.type.Type.equals(Ljava/lang/Object;)Z @ 8
Event: 6.657 Thread 0x0000000016906000 Uncommon trap: reason=class_check action=maybe_recompile pc=0x0000000002dc4af8 method=com.android.dx.rop.type.Type.equals(Ljava/lang/Object;)Z @ 8
Event: 6.981 Thread 0x0000000016a18000 Uncommon trap: reason=unstable_if action=reinterpret pc=0x00000000030e4ae4 method=com.android.dx.cf.code.ByteCatchList.toRopCatchList()Lcom/android/dx/rop/type/TypeList; @ 6

Internal exceptions (2 events):
Event: 0.245 Thread 0x000000000288e000 Exception <a 'java/lang/NoSuchMethodError': Method sun.misc.Unsafe.defineClass(Ljava/lang/String;[BII)Ljava/lang/Class; name or signature does not match> (0x00000000eab07cc0) thrown at [C:\re\workspace\8-2-build-windows-amd64-cygwin\jdk8u101\7261\hotspot\sæúìTgÏ?
Event: 0.245 Thread 0x000000000288e000 Exception <a 'java/lang/NoSuchMethodError': Method sun.misc.Unsafe.prefetchRead(Ljava/lang/Object;J)V name or signature does not match> (0x00000000eab07fa8) thrown at [C:\re\workspace\8-2-build-windows-amd64-cygwin\jdk8u101\7261\hotspot\src\share\vm\prims\

Events (10 events):
Event: 6.981 Thread 0x0000000016a18000 DEOPT UNPACKING pc=0x0000000002ad582a sp=0x00000000174be3f8 mode 2
Event: 6.990 Thread 0x0000000016a18000 DEOPT PACKING pc=0x0000000002fc1dfd sp=0x00000000174be600
Event: 6.990 Thread 0x0000000016a18000 DEOPT UNPACKING pc=0x0000000002ad787f sp=0x00000000174be340 mode 0
Event: 6.999 loading class java/util/HashMap$KeySet
Event: 6.999 loading class java/util/HashMap$KeySet done
Event: 6.999 loading class java/util/HashMap$KeyIterator
Event: 6.999 loading class java/util/HashMap$KeyIterator done
Event: 7.007 Thread 0x0000000016a18000 Thread exited: 0x0000000016a18000
Event: 7.152 Thread 0x0000000016906000 DEOPT PACKING pc=0x0000000003185b6c sp=0x00000000170be6a0
Event: 7.152 Thread 0x0000000016906000 DEOPT UNPACKING pc=0x0000000002ad787f sp=0x00000000170be3a0 mode 0


Dynamic libraries:
0x00007ff6495e0000 - 0x00007ff649617000 	C:\Program Files\Java\jdk1.8.0_101\bin\java.exe
0x00007fff98ff0000 - 0x00007fff991b1000 	C:\WINDOWS\SYSTEM32\ntdll.dll
0x00007fff96750000 - 0x00007fff967fd000 	C:\WINDOWS\system32\KERNEL32.DLL
0x00007fff95ea0000 - 0x00007fff96088000 	C:\WINDOWS\system32\KERNELBASE.dll
0x00007fff966a0000 - 0x00007fff96747000 	C:\WINDOWS\system32\ADVAPI32.dll
0x00007fff969a0000 - 0x00007fff96a3d000 	C:\WINDOWS\system32\msvcrt.dll
0x00007fff98f90000 - 0x00007fff98feb000 	C:\WINDOWS\system32\sechost.dll
0x00007fff98c30000 - 0x00007fff98d4c000 	C:\WINDOWS\system32\RPCRT4.dll
0x00007fff963f0000 - 0x00007fff96546000 	C:\WINDOWS\system32\USER32.dll
0x00007fff96800000 - 0x00007fff96986000 	C:\WINDOWS\system32\GDI32.dll
0x00007fff91710000 - 0x00007fff91984000 	C:\WINDOWS\WinSxS\amd64_microsoft.windows.common-controls_6595b64144ccf1df_6.0.10586.589_none_a2ddb3caa539acce\COMCTL32.dll
0x00007fff982d0000 - 0x00007fff9854d000 	C:\WINDOWS\system32\combase.dll
0x00007fff96380000 - 0x00007fff963ea000 	C:\WINDOWS\system32\bcryptPrimitives.dll
0x00007fff98d50000 - 0x00007fff98d8b000 	C:\WINDOWS\system32\IMM32.DLL
0x000000005e0c0000 - 0x000000005e192000 	C:\Program Files\Java\jdk1.8.0_101\jre\bin\msvcr100.dll
0x000000005e580000 - 0x000000005ee1a000 	C:\Program Files\Java\jdk1.8.0_101\jre\bin\server\jvm.dll
0x00007fff96990000 - 0x00007fff96998000 	C:\WINDOWS\system32\PSAPI.DLL
0x00007fff897d0000 - 0x00007fff897d9000 	C:\WINDOWS\SYSTEM32\WSOCK32.dll
0x00007fff98550000 - 0x00007fff985bb000 	C:\WINDOWS\system32\WS2_32.dll
0x00007fff90ff0000 - 0x00007fff91013000 	C:\WINDOWS\SYSTEM32\WINMM.dll
0x00007fff91c90000 - 0x00007fff91c9a000 	C:\WINDOWS\SYSTEM32\VERSION.dll
0x0000000000910000 - 0x000000000093c000 	C:\WINDOWS\SYSTEM32\WINMMBASE.dll
0x00007fff96330000 - 0x00007fff96373000 	C:\WINDOWS\system32\cfgmgr32.dll
0x000000005f540000 - 0x000000005f54f000 	C:\Program Files\Java\jdk1.8.0_101\jre\bin\verify.dll
0x000000005e550000 - 0x000000005e579000 	C:\Program Files\Java\jdk1.8.0_101\jre\bin\java.dll
0x000000005e530000 - 0x000000005e546000 	C:\Program Files\Java\jdk1.8.0_101\jre\bin\zip.dll
0x00007fff96ca0000 - 0x00007fff981fc000 	C:\WINDOWS\system32\SHELL32.dll
0x00007fff95850000 - 0x00007fff95e95000 	C:\WINDOWS\system32\windows.storage.dll
0x00007fff98eb0000 - 0x00007fff98f02000 	C:\WINDOWS\system32\shlwapi.dll
0x00007fff95690000 - 0x00007fff9569f000 	C:\WINDOWS\system32\kernel.appcore.dll
0x00007fff95790000 - 0x00007fff95845000 	C:\WINDOWS\system32\shcore.dll
0x00007fff95640000 - 0x00007fff9568b000 	C:\WINDOWS\system32\powrprof.dll
0x00007fff95610000 - 0x00007fff95624000 	C:\WINDOWS\system32\profapi.dll

VM Arguments:
jvm_args: -Djava.awt.headless=true -Xmx1024M -Dfile.encoding=GBK -Duser.country=CN -Duser.language=zh -Duser.variant 
java_command: com.android.dx.command.Main --dex --force-jumbo --num-threads=4 --output E:\firekylin\prj4_firekylin\firekylin_android\app\build\intermediates\pre-dexed\debug\main_b71d6ea2d4d306347fda0a1ef06d5ad4058428c1.jar E:\firekylin\prj4_firekylin\firekylin_android\app\build\intermediates\transforms\instantRun\debug\folders\1\5\main
java_class_path (initial): D:\Android\sdk\build-tools\23.0.3\lib\dx.jar
Launcher Type: SUN_STANDARD

Environment Variables:
JAVA_HOME=C:\Program Files\Java\jdk1.8.0_101
CLASSPATH=.;C:\Program Files\Java\jdk1.8.0_101\lib
PATH=C:\ProgramData\Oracle\Java\javapath;C:\WINDOWS\system32;C:\WINDOWS;C:\WINDOWS\System32\Wbem;C:\WINDOWS\System32\WindowsPowerShell\v1.0\;C:\Program Files (x86)\Common Files\Thunder Network\KanKan\Codecs;D:\PHP5.6;D:\Python32;D:\Dev-Cpp;C:\Program Files (x86)\MySQL\MySQL Fabric 1.5.2 & MySQL Utilities 1.5.2 1.5\;C:\Program Files (x86)\MySQL\MySQL Fabric 1.5.2 & MySQL Utilities 1.5.2 1.5\Doctrine extensions for PHP\;C:\Program Files\MySQL\MySQL Server 5.6\bin;C:\Program Files (x86)\GtkSharp\2.12\bin;D:\Git\cmd;C:\Program Files\Java\jdk1.8.0_101\bin;C:\ProgramData\chocolatey\bin;D:\Android\sdk\platform-tools;C:\MinGW\bin;C:\Program Files\Java\jre1.8.0_101\bin;C:\Program Files (x86)\Windows Kits\8.1\Windows Performance Toolkit\;C:\HashiCorp\Vagrant\bin;D:\Git\usr\bin;D:\Python32\Lib\site-packages\Django-1.11.dev20161003200430-py3.2.egg\django;D:\Python32\Scripts;C:\ProgramData\ComposerSetup\bin;D:\Python35\Scripts\;D:\Python35\;D:\Python35\Lib\site-packages\Django-1.11.dev20161003200430-py3.5.egg\django;C:\Users\ebc5\AppData\Roaming\Composer\vendor\bin
USERNAME=ebc5
OS=Windows_NT
PROCESSOR_IDENTIFIER=Intel64 Family 6 Model 60 Stepping 3, GenuineIntel



---------------  S Y S T E M  ---------------

OS: Windows 10.0 , 64 bit Build 10586 (10.0.10586.589)

CPU:total 4 (2 cores per cpu, 2 threads per core) family 6 model 60 stepping 3, cmov, cx8, fxsr, mmx, sse, sse2, sse3, ssse3, sse4.1, sse4.2, popcnt, avx, avx2, aes, clmul, erms, lzcnt, ht, tsc, tscinvbit, bmi1, bmi2

Memory: 4k page, physical 8302956k(1702560k free), swap 9351532k(5436k free)

vm_info: Java HotSpot(TM) 64-Bit Server VM (25.101-b13) for windows-amd64 JRE (1.8.0_101-b13), built on Jun 22 2016 01:21:29 by "java_re" with MS VC++ 10.0 (VS2010)

time: Sat Oct 08 16:00:06 2016
elapsed time: 7 seconds (0d 0h 0m 7s)

